Build started 30-04-2014 23:25:34.
Project "C:\Users\User\Desktop\lerPatch\lerPatch\lerPatch.vcxproj" on node 2 (Build target(s)).
ClCompile:
  C:\Program Files (x86)\Microsoft Visual Studio 11.0\VC\bin\CL.exe /c /ZI /nologo /W3 /WX- /Od /Oy- /D WIN32 /D _DEBUG /D _CONSOLE /D _UNICODE /D UNICODE /Gm /EHsc /RTC1 /MDd /GS /fp:precise /Zc:wchar_t /Zc:forScope /Fo"Debug\\" /Fd"Debug\vc110.pdb" /Gd /TP /analyze- /errorReport:prompt Indices.cpp LinhaIndice.cpp main.cpp
  main.cpp
c:\users\user\desktop\lerpatch\lerpatch\main.cpp(35): warning C4244: '=' : conversion from 'double' to 'int', possible loss of data
c:\users\user\desktop\lerpatch\lerpatch\main.cpp(42): warning C4018: '<' : signed/unsigned mismatch
c:\users\user\desktop\lerpatch\lerpatch\main.cpp(43): warning C4018: '<' : signed/unsigned mismatch
c:\users\user\desktop\lerpatch\lerpatch\main.cpp(59): warning C4244: '=' : conversion from 'double' to 'float', possible loss of data
c:\users\user\desktop\lerpatch\lerpatch\main.cpp(65): warning C4244: '=' : conversion from 'double' to 'float', possible loss of data
c:\users\user\desktop\lerpatch\lerpatch\main.cpp(70): warning C4244: '=' : conversion from 'double' to 'float', possible loss of data
  LinhaIndice.cpp
  Generating Code...
  Skipping... (no relevant changes detected)
  Indices.cpp
Link:
  C:\Program Files (x86)\Microsoft Visual Studio 11.0\VC\bin\link.exe /ERRORREPORT:PROMPT /OUT:"C:\Users\User\Desktop\lerPatch\Debug\lerPatch.exe" /INCREMENTAL /NOLOGO kernel32.lib user32.lib gdi32.lib winspool.lib comdlg32.lib advapi32.lib shell32.lib ole32.lib oleaut32.lib uuid.lib odbc32.lib odbccp32.lib /MANIFEST /MANIFESTUAC:"level='asInvoker' uiAccess='false'" /manifest:embed /DEBUG /PDB:"C:\Users\User\Desktop\lerPatch\Debug\lerPatch.pdb" /SUBSYSTEM:CONSOLE /TLBID:1 /DYNAMICBASE /NXCOMPAT /IMPLIB:"C:\Users\User\Desktop\lerPatch\Debug\lerPatch.lib" /MACHINE:X86 Debug\Indices.obj
  Debug\LinhaIndice.obj
  Debug\main.obj
  Debug\Ponto.obj
  Debug\Vertices.obj
  lerPatch.vcxproj -> C:\Users\User\Desktop\lerPatch\Debug\lerPatch.exe
Done Building Project "C:\Users\User\Desktop\lerPatch\lerPatch\lerPatch.vcxproj" (Build target(s)).

Build succeeded.

Time Elapsed 00:00:02.71
